[debug] [2021-06-22T10:12:28.094Z] ----------------------------------------------------------------------
[debug] [2021-06-22T10:12:28.096Z] Command:       /usr/local/Cellar/node/15.12.0/bin/node /usr/local/bin/firebase deploy --project instagreen-1
[debug] [2021-06-22T10:12:28.097Z] CLI Version:   9.13.1
[debug] [2021-06-22T10:12:28.097Z] Platform:      darwin
[debug] [2021-06-22T10:12:28.097Z] Node Version:  v15.12.0
[debug] [2021-06-22T10:12:28.098Z] Time:          Tue Jun 22 2021 07:12:28 GMT-0300 (Horário Padrão de Brasília)
[debug] [2021-06-22T10:12:28.098Z] ----------------------------------------------------------------------
[debug] 
[debug] [2021-06-22T10:12:28.108Z] > command requires scopes: ["email","openid","https://www.googleapis.com/auth/cloudplatformprojects.readonly","https://www.googleapis.com/auth/firebase","https://www.googleapis.com/auth/cloud-platform"]
[debug] [2021-06-22T10:12:28.108Z] > authorizing via signed-in user (arthurnvsm@gmail.com)
[debug] [2021-06-22T10:12:28.108Z] [iam] checking project instagreen-1 for permissions ["cloudfunctions.functions.create","cloudfunctions.functions.delete","cloudfunctions.functions.get","cloudfunctions.functions.list","cloudfunctions.functions.update","cloudfunctions.operations.get","firebase.projects.get"]
[debug] [2021-06-22T10:12:28.110Z] > refreshing access token with scopes: ["email","https://www.googleapis.com/auth/cloud-platform","https://www.googleapis.com/auth/cloudplatformprojects.readonly","https://www.googleapis.com/auth/firebase","openid"]
[debug] [2021-06-22T10:12:28.110Z] >>> HTTP REQUEST POST https://www.googleapis.com/oauth2/v3/token  
 <request body omitted>
[debug] [2021-06-22T10:12:28.400Z] <<< HTTP RESPONSE 200 {"cache-control":"no-cache, no-store, max-age=0, must-revalidate","date":"Tue, 22 Jun 2021 10:12:28 GMT","pragma":"no-cache","expires":"Mon, 01 Jan 1990 00:00:00 GMT","content-type":"application/json; charset=utf-8","vary":"X-Origin, Referer, Origin,Accept-Encoding","server":"scaffolding on HTTPServer2","x-xss-protection":"0","x-frame-options":"SAMEORIGIN","x-content-type-options":"nosniff","alt-svc":"h3=\":443\"; ma=2592000,h3-29=\":443\"; ma=2592000,h3-T051=\":443\"; ma=2592000,h3-Q050=\":443\"; ma=2592000,h3-Q046=\":443\"; ma=2592000,h3-Q043=\":443\"; ma=2592000,quic=\":443\"; ma=2592000; v=\"46,43\"","accept-ranges":"none","transfer-encoding":"chunked"}
[debug] [2021-06-22T10:12:28.463Z] >>> HTTP REQUEST POST https://cloudresourcemanager.googleapis.com/v1/projects/instagreen-1:testIamPermissions  
 {"permissions":["cloudfunctions.functions.create","cloudfunctions.functions.delete","cloudfunctions.functions.get","cloudfunctions.functions.list","cloudfunctions.functions.update","cloudfunctions.operations.get","firebase.projects.get"]}
[debug] [2021-06-22T10:12:29.450Z] <<< HTTP RESPONSE 200 {"content-type":"application/json; charset=UTF-8","vary":"X-Origin, Referer, Origin,Accept-Encoding","date":"Tue, 22 Jun 2021 10:12:29 GMT","server":"ESF","cache-control":"private","x-xss-protection":"0","x-frame-options":"SAMEORIGIN","x-content-type-options":"nosniff","server-timing":"gfet4t7; dur=745","alt-svc":"h3=\":443\"; ma=2592000,h3-29=\":443\"; ma=2592000,h3-T051=\":443\"; ma=2592000,h3-Q050=\":443\"; ma=2592000,h3-Q046=\":443\"; ma=2592000,h3-Q043=\":443\"; ma=2592000,quic=\":443\"; ma=2592000; v=\"46,43\"","accept-ranges":"none","transfer-encoding":"chunked"}
[debug] [2021-06-22T10:12:29.451Z] >>> HTTP REQUEST POST https://iam.googleapis.com/v1/projects/instagreen-1/serviceAccounts/instagreen-1@appspot.gserviceaccount.com:testIamPermissions  
 {"permissions":["iam.serviceAccounts.actAs"]}
[debug] [2021-06-22T10:12:30.380Z] <<< HTTP RESPONSE 200 {"content-type":"application/json; charset=UTF-8","vary":"X-Origin, Referer, Origin,Accept-Encoding","date":"Tue, 22 Jun 2021 10:12:30 GMT","server":"ESF","cache-control":"private","x-xss-protection":"0","x-frame-options":"SAMEORIGIN","x-content-type-options":"nosniff","alt-svc":"h3=\":443\"; ma=2592000,h3-29=\":443\"; ma=2592000,h3-T051=\":443\"; ma=2592000,h3-Q050=\":443\"; ma=2592000,h3-Q046=\":443\"; ma=2592000,h3-Q043=\":443\"; ma=2592000,quic=\":443\"; ma=2592000; v=\"46,43\"","accept-ranges":"none","transfer-encoding":"chunked"}
[info] 
[info] === Deploying to 'instagreen-1'...
[info] 
[info] i  deploying functions 
[debug] [2021-06-22T10:12:30.385Z] Validating nodejs source
[debug] [2021-06-22T10:12:33.461Z] > [functions] package.json contents: {
  "name": "functions",
  "description": "Cloud Functions for Firebase",
  "scripts": {
    "serve": "firebase emulators:start --only functions",
    "shell": "firebase functions:shell",
    "start": "npm run shell",
    "deploy": "firebase deploy --only functions",
    "logs": "firebase functions:log"
  },
  "engines": {
    "node": "14"
  },
  "main": "index.js",
  "dependencies": {
    "@google-cloud/storage": "^5.8.5",
    "cors": "^2.8.5",
    "firebase-admin": "^9.8.0",
    "firebase-functions": "^3.14.1",
    "uuid-v4": "^0.1.0"
  },
  "devDependencies": {
    "firebase-functions-test": "^0.2.0"
  },
  "private": true
}
[debug] [2021-06-22T10:12:33.462Z] Building nodejs source
[info] i  functions: ensuring required API cloudfunctions.googleapis.com is enabled... 
[info] i  functions: ensuring required API cloudbuild.googleapis.com is enabled... 
[debug] [2021-06-22T10:12:33.463Z] >>> HTTP REQUEST GET https://serviceusage.googleapis.com/v1/projects/instagreen-1/services/cloudfunctions.googleapis.com  
 
[debug] [2021-06-22T10:12:33.464Z] >>> HTTP REQUEST GET https://serviceusage.googleapis.com/v1/projects/instagreen-1/services/runtimeconfig.googleapis.com  
 
[debug] [2021-06-22T10:12:33.464Z] >>> HTTP REQUEST GET https://serviceusage.googleapis.com/v1/projects/instagreen-1/services/cloudbuild.googleapis.com  
 
[debug] [2021-06-22T10:12:34.696Z] <<< HTTP RESPONSE 200 {"content-type":"application/json; charset=UTF-8","vary":"X-Origin, Referer, Origin,Accept-Encoding","date":"Tue, 22 Jun 2021 10:12:34 GMT","server":"ESF","cache-control":"private","x-xss-protection":"0","x-frame-options":"SAMEORIGIN","x-content-type-options":"nosniff","alt-svc":"h3=\":443\"; ma=2592000,h3-29=\":443\"; ma=2592000,h3-T051=\":443\"; ma=2592000,h3-Q050=\":443\"; ma=2592000,h3-Q046=\":443\"; ma=2592000,h3-Q043=\":443\"; ma=2592000,quic=\":443\"; ma=2592000; v=\"46,43\"","accept-ranges":"none","transfer-encoding":"chunked"}
[debug] [2021-06-22T10:12:34.730Z] <<< HTTP RESPONSE 200 {"content-type":"application/json; charset=UTF-8","vary":"X-Origin, Referer, Origin,Accept-Encoding","date":"Tue, 22 Jun 2021 10:12:34 GMT","server":"ESF","cache-control":"private","x-xss-protection":"0","x-frame-options":"SAMEORIGIN","x-content-type-options":"nosniff","alt-svc":"h3=\":443\"; ma=2592000,h3-29=\":443\"; ma=2592000,h3-T051=\":443\"; ma=2592000,h3-Q050=\":443\"; ma=2592000,h3-Q046=\":443\"; ma=2592000,h3-Q043=\":443\"; ma=2592000,quic=\":443\"; ma=2592000; v=\"46,43\"","accept-ranges":"none","transfer-encoding":"chunked"}
[warn] ⚠  functions: missing required API cloudbuild.googleapis.com. Enabling now... 
[debug] [2021-06-22T10:12:34.731Z] >>> HTTP REQUEST POST https://serviceusage.googleapis.com/v1/projects/instagreen-1/services/cloudbuild.googleapis.com:enable  
 
[debug] [2021-06-22T10:12:34.752Z] <<< HTTP RESPONSE 200 {"content-type":"application/json; charset=UTF-8","vary":"X-Origin, Referer, Origin,Accept-Encoding","date":"Tue, 22 Jun 2021 10:12:34 GMT","server":"ESF","cache-control":"private","x-xss-protection":"0","x-frame-options":"SAMEORIGIN","x-content-type-options":"nosniff","alt-svc":"h3=\":443\"; ma=2592000,h3-29=\":443\"; ma=2592000,h3-T051=\":443\"; ma=2592000,h3-Q050=\":443\"; ma=2592000,h3-Q046=\":443\"; ma=2592000,h3-Q043=\":443\"; ma=2592000,quic=\":443\"; ma=2592000; v=\"46,43\"","accept-ranges":"none","transfer-encoding":"chunked"}
[info] ✔  functions: required API cloudfunctions.googleapis.com is enabled 
[debug] [2021-06-22T10:12:36.671Z] <<< HTTP RESPONSE 200 {"content-type":"application/json; charset=UTF-8","vary":"X-Origin, Referer, Origin,Accept-Encoding","date":"Tue, 22 Jun 2021 10:12:36 GMT","server":"ESF","cache-control":"private","x-xss-protection":"0","x-frame-options":"SAMEORIGIN","x-content-type-options":"nosniff","alt-svc":"h3=\":443\"; ma=2592000,h3-29=\":443\"; ma=2592000,h3-T051=\":443\"; ma=2592000,h3-Q050=\":443\"; ma=2592000,h3-Q046=\":443\"; ma=2592000,h3-Q043=\":443\"; ma=2592000,quic=\":443\"; ma=2592000; v=\"46,43\"","accept-ranges":"none","transfer-encoding":"chunked"}
[debug] [2021-06-22T10:12:46.677Z] >>> HTTP REQUEST GET https://serviceusage.googleapis.com/v1/projects/instagreen-1/services/cloudbuild.googleapis.com  
 
[debug] [2021-06-22T10:12:47.875Z] <<< HTTP RESPONSE 200 {"content-type":"application/json; charset=UTF-8","vary":"X-Origin, Referer, Origin,Accept-Encoding","date":"Tue, 22 Jun 2021 10:12:47 GMT","server":"ESF","cache-control":"private","x-xss-protection":"0","x-frame-options":"SAMEORIGIN","x-content-type-options":"nosniff","alt-svc":"h3=\":443\"; ma=2592000,h3-29=\":443\"; ma=2592000,h3-T051=\":443\"; ma=2592000,h3-Q050=\":443\"; ma=2592000,h3-Q046=\":443\"; ma=2592000,h3-Q043=\":443\"; ma=2592000,quic=\":443\"; ma=2592000; v=\"46,43\"","accept-ranges":"none","transfer-encoding":"chunked"}
[info] ✔  functions: required API cloudbuild.googleapis.com is enabled 
[debug] [2021-06-22T10:12:47.877Z] >>> HTTP REQUEST GET https://firebase.googleapis.com/v1beta1/projects/instagreen-1/adminSdkConfig  
 
[debug] [2021-06-22T10:12:49.010Z] <<< HTTP RESPONSE 200 {"content-type":"application/json; charset=UTF-8","vary":"X-Origin, Referer, Origin,Accept-Encoding","date":"Tue, 22 Jun 2021 10:12:48 GMT","server":"ESF","cache-control":"private","x-xss-protection":"0","x-frame-options":"SAMEORIGIN","x-content-type-options":"nosniff","alt-svc":"h3=\":443\"; ma=2592000,h3-29=\":443\"; ma=2592000,h3-T051=\":443\"; ma=2592000,h3-Q050=\":443\"; ma=2592000,h3-Q046=\":443\"; ma=2592000,h3-Q043=\":443\"; ma=2592000,quic=\":443\"; ma=2592000; v=\"46,43\"","accept-ranges":"none","transfer-encoding":"chunked"}
[debug] [2021-06-22T10:12:49.010Z] >>> HTTP REQUEST GET https://runtimeconfig.googleapis.com/v1beta1/projects/instagreen-1/configs  
 
[debug] [2021-06-22T10:12:49.657Z] <<< HTTP RESPONSE 200 {"content-type":"application/json; charset=UTF-8","vary":"X-Origin, Referer, Origin,Accept-Encoding","date":"Tue, 22 Jun 2021 10:12:49 GMT","server":"ESF","cache-control":"private","x-xss-protection":"0","x-frame-options":"SAMEORIGIN","x-content-type-options":"nosniff","alt-svc":"h3=\":443\"; ma=2592000,h3-29=\":443\"; ma=2592000,h3-T051=\":443\"; ma=2592000,h3-Q050=\":443\"; ma=2592000,h3-Q046=\":443\"; ma=2592000,h3-Q043=\":443\"; ma=2592000,quic=\":443\"; ma=2592000; v=\"46,43\"","accept-ranges":"none","transfer-encoding":"chunked"}
[debug] [2021-06-22T10:12:49.658Z] Analyzing nodejs backend spec
[info] i  functions: preparing functions directory for uploading... 
[info] i  functions: packaged functions (49.36 KB) for uploading 
[debug] [2021-06-22T10:12:50.133Z] >>> HTTP REQUEST GET https://cloudfunctions.googleapis.com/v1/projects/instagreen-1/locations/-/functions  
 
[debug] [2021-06-22T10:12:52.953Z] <<< HTTP RESPONSE 200 {"content-type":"application/json; charset=UTF-8","vary":"X-Origin, Referer, Origin,Accept-Encoding","date":"Tue, 22 Jun 2021 10:12:52 GMT","server":"ESF","cache-control":"private","x-xss-protection":"0","x-frame-options":"SAMEORIGIN","x-content-type-options":"nosniff","alt-svc":"h3=\":443\"; ma=2592000,h3-29=\":443\"; ma=2592000,h3-T051=\":443\"; ma=2592000,h3-Q050=\":443\"; ma=2592000,h3-Q046=\":443\"; ma=2592000,h3-Q043=\":443\"; ma=2592000,quic=\":443\"; ma=2592000; v=\"46,43\"","accept-ranges":"none","transfer-encoding":"chunked"}
[debug] [2021-06-22T10:12:52.955Z] [functions] found 1 new HTTP functions, testing setIamPolicy permission...
[debug] [2021-06-22T10:12:52.955Z] >>> HTTP REQUEST POST https://cloudresourcemanager.googleapis.com/v1/projects/instagreen-1:testIamPermissions  
 {"permissions":["cloudfunctions.functions.setIamPolicy"]}
[debug] [2021-06-22T10:12:53.978Z] <<< HTTP RESPONSE 200 {"content-type":"application/json; charset=UTF-8","vary":"X-Origin, Referer, Origin,Accept-Encoding","date":"Tue, 22 Jun 2021 10:12:53 GMT","server":"ESF","cache-control":"private","x-xss-protection":"0","x-frame-options":"SAMEORIGIN","x-content-type-options":"nosniff","server-timing":"gfet4t7; dur=739","alt-svc":"h3=\":443\"; ma=2592000,h3-29=\":443\"; ma=2592000,h3-T051=\":443\"; ma=2592000,h3-Q050=\":443\"; ma=2592000,h3-Q046=\":443\"; ma=2592000,h3-Q043=\":443\"; ma=2592000,quic=\":443\"; ma=2592000; v=\"46,43\"","accept-ranges":"none","transfer-encoding":"chunked"}
[debug] [2021-06-22T10:12:53.978Z] [functions] found setIamPolicy permission, proceeding with deploy
[debug] [2021-06-22T10:12:53.979Z] >>> HTTP REQUEST POST https://cloudfunctions.googleapis.com/v1/projects/instagreen-1/locations/us-central1/functions:generateUploadUrl  
 
[debug] [2021-06-22T10:13:07.909Z] <<< HTTP RESPONSE 200 {"content-type":"application/json; charset=UTF-8","vary":"X-Origin, Referer, Origin,Accept-Encoding","date":"Tue, 22 Jun 2021 10:13:07 GMT","server":"ESF","cache-control":"private","x-xss-protection":"0","x-frame-options":"SAMEORIGIN","x-content-type-options":"nosniff","alt-svc":"h3=\":443\"; ma=2592000,h3-29=\":443\"; ma=2592000,h3-T051=\":443\"; ma=2592000,h3-Q050=\":443\"; ma=2592000,h3-Q046=\":443\"; ma=2592000,h3-Q043=\":443\"; ma=2592000,quic=\":443\"; ma=2592000; v=\"46,43\"","accept-ranges":"none","transfer-encoding":"chunked"}
[debug] [2021-06-22T10:13:07.911Z] >>> HTTP REQUEST PUT https://storage.googleapis.com/gcf-upload-us-central1-4a0c2d13-15b5-4c30-b32a-24cf566acfbc/42f1c53a-70b7-4c71-ac99-064003122735.zip?GoogleAccessId=service-986317733134@gcf-admin-robot.iam.gserviceaccount.com&Expires=1624358587&Signature=KCC73AbxecZlBVpAQNNtk6knJ66BfVJgx0J1%2FtsFkGySm8NSH%2BlRzJtjPBc9A%2Bdcia3WPuGxVN5NPJG3xEYxZDS5VT9%2Fs5oe3iC2%2FxVbmjWPmuBCZrU6bSkMC0thj0MWY44L%2BIOAAhZMlP%2FK8VUjC11BE1zxPTRIckINDIz42dH6RN9rsdTylO%2BvwJol34uw%2FpkmlmxZzh8D6FRIROZcE1HfMu2YuJ5pa4HyNl7lFSjSSiqD6JTrpnr7IEhDudmPg6tPJeLaP%2BXqtrIdqGgY3UMBPIaGKGTxiJhtqIz%2BAqZHVfiW31WHfdb6t9IZPM2aVG%2BhCrU%2Bmh%2FatNTMhecsaQ%3D%3D  
 <request body omitted>
[debug] [2021-06-22T10:13:12.079Z] <<< HTTP RESPONSE 200 {"x-guploader-uploadid":"ABg5-UyaSA3s6V9arw9jjOzrN5Jt533cTHarDg2mww0fhZB0-F171qeOwleacIbwloIExKaRYUIeju7YhgpyGF0ji6WuVM57MQ","etag":"\"c03431a4ccc9ad9ae52503af344c30fb\"","x-goog-generation":"1624356792018620","x-goog-metageneration":"1","x-goog-hash":"crc32c=bcINJw==, md5=wDQxpMzJrZrlJQOvNEww+w==","x-goog-stored-content-length":"50540","x-goog-stored-content-encoding":"identity","vary":"Origin","content-length":"0","date":"Tue, 22 Jun 2021 10:13:12 GMT","server":"UploadServer","content-type":"text/html; charset=UTF-8","alt-svc":"h3=\":443\"; ma=2592000,h3-29=\":443\"; ma=2592000,h3-T051=\":443\"; ma=2592000,h3-Q050=\":443\"; ma=2592000,h3-Q046=\":443\"; ma=2592000,h3-Q043=\":443\"; ma=2592000,quic=\":443\"; ma=2592000; v=\"46,43\""}
[info] ✔  functions: functions folder uploaded successfully 
[info] i  functions: creating Node.js 14 function uploadImage(us-central1)... 
[debug] [2021-06-22T10:13:12.084Z] >>> HTTP REQUEST POST https://cloudfunctions.googleapis.com/v1/projects/instagreen-1/locations/us-central1/functions  
 {"name":"projects/instagreen-1/locations/us-central1/functions/uploadImage","sourceUploadUrl":"https://storage.googleapis.com/gcf-upload-us-central1-4a0c2d13-15b5-4c30-b32a-24cf566acfbc/42f1c53a-70b7-4c71-ac99-064003122735.zip?GoogleAccessId=service-986317733134@gcf-admin-robot.iam.gserviceaccount.com&Expires=1624358587&Signature=KCC73AbxecZlBVpAQNNtk6knJ66BfVJgx0J1%2FtsFkGySm8NSH%2BlRzJtjPBc9A%2Bdcia3WPuGxVN5NPJG3xEYxZDS5VT9%2Fs5oe3iC2%2FxVbmjWPmuBCZrU6bSkMC0thj0MWY44L%2BIOAAhZMlP%2FK8VUjC11BE1zxPTRIckINDIz42dH6RN9rsdTylO%2BvwJol34uw%2FpkmlmxZzh8D6FRIROZcE1HfMu2YuJ5pa4HyNl7lFSjSSiqD6JTrpnr7IEhDudmPg6tPJeLaP%2BXqtrIdqGgY3UMBPIaGKGTxiJhtqIz%2BAqZHVfiW31WHfdb6t9IZPM2aVG%2BhCrU%2Bmh%2FatNTMhecsaQ%3D%3D","entryPoint":"uploadImage","runtime":"nodejs14","httpsTrigger":{"securityLevel":"SECURE_OPTIONAL"},"labels":{"deployment-tool":"cli-firebase"},"environmentVariables":{"FIREBASE_CONFIG":"{\"projectId\":\"instagreen-1\",\"databaseURL\":\"https://instagreen-1-default-rtdb.firebaseio.com\",\"storageBucket\":\"instagreen-1.appspot.com\",\"locationId\":\"us-central\"}"}}
[debug] [2021-06-22T10:13:13.176Z] <<< HTTP RESPONSE 200 {"content-type":"application/json; charset=UTF-8","vary":"X-Origin, Referer, Origin,Accept-Encoding","date":"Tue, 22 Jun 2021 10:13:13 GMT","server":"ESF","cache-control":"private","x-xss-protection":"0","x-frame-options":"SAMEORIGIN","x-content-type-options":"nosniff","alt-svc":"h3=\":443\"; ma=2592000,h3-29=\":443\"; ma=2592000,h3-T051=\":443\"; ma=2592000,h3-Q050=\":443\"; ma=2592000,h3-Q046=\":443\"; ma=2592000,h3-Q043=\":443\"; ma=2592000,quic=\":443\"; ma=2592000; v=\"46,43\"","accept-ranges":"none","transfer-encoding":"chunked"}
[debug] [2021-06-22T10:13:13.178Z] > refreshing access token with scopes: []
[debug] [2021-06-22T10:13:13.178Z] >>> HTTP REQUEST POST https://www.googleapis.com/oauth2/v3/token  
 <request body omitted>
[debug] [2021-06-22T10:13:13.507Z] <<< HTTP RESPONSE 200 {"expires":"Mon, 01 Jan 1990 00:00:00 GMT","date":"Tue, 22 Jun 2021 10:13:13 GMT","cache-control":"no-cache, no-store, max-age=0, must-revalidate","pragma":"no-cache","content-type":"application/json; charset=utf-8","vary":"X-Origin, Referer, Origin,Accept-Encoding","server":"scaffolding on HTTPServer2","x-xss-protection":"0","x-frame-options":"SAMEORIGIN","x-content-type-options":"nosniff","alt-svc":"h3=\":443\"; ma=2592000,h3-29=\":443\"; ma=2592000,h3-T051=\":443\"; ma=2592000,h3-Q050=\":443\"; ma=2592000,h3-Q046=\":443\"; ma=2592000,h3-Q043=\":443\"; ma=2592000,quic=\":443\"; ma=2592000; v=\"46,43\"","accept-ranges":"none","transfer-encoding":"chunked"}
[debug] [2021-06-22T10:13:13.770Z] >>> [apiv2][query] GET https://cloudfunctions.googleapis.com/v1/operations/aW5zdGFncmVlbi0xL3VzLWNlbnRyYWwxL3VwbG9hZEltYWdlLzBibjY0a2ptUkNZ [none]
[debug] [2021-06-22T10:13:14.867Z] <<< [apiv2][status] GET https://cloudfunctions.googleapis.com/v1/operations/aW5zdGFncmVlbi0xL3VzLWNlbnRyYWwxL3VwbG9hZEltYWdlLzBibjY0a2ptUkNZ 200
[debug] [2021-06-22T10:13:14.867Z] <<< [apiv2][body] GET https://cloudfunctions.googleapis.com/v1/operations/aW5zdGFncmVlbi0xL3VzLWNlbnRyYWwxL3VwbG9hZEltYWdlLzBibjY0a2ptUkNZ {"name":"operations/aW5zdGFncmVlbi0xL3VzLWNlbnRyYWwxL3VwbG9hZEltYWdlLzBibjY0a2ptUkNZ","metadata":{"@type":"type.googleapis.com/google.cloud.functions.v1.OperationMetadataV1","target":"projects/instagreen-1/locations/us-central1/functions/uploadImage","type":"CREATE_FUNCTION","request":{"@type":"type.googleapis.com/google.cloud.functions.v1.CloudFunction","name":"projects/instagreen-1/locations/us-central1/functions/uploadImage","httpsTrigger":{"securityLevel":"SECURE_OPTIONAL"},"entryPoint":"uploadImage","labels":{"deployment-tool":"cli-firebase"},"sourceUploadUrl":"https://storage.googleapis.com/gcf-upload-us-central1-4a0c2d13-15b5-4c30-b32a-24cf566acfbc/42f1c53a-70b7-4c71-ac99-064003122735.zip?GoogleAccessId=service-986317733134@gcf-admin-robot.iam.gserviceaccount.com&Expires=1624358587&Signature=KCC73AbxecZlBVpAQNNtk6knJ66BfVJgx0J1%2FtsFkGySm8NSH%2BlRzJtjPBc9A%2Bdcia3WPuGxVN5NPJG3xEYxZDS5VT9%2Fs5oe3iC2%2FxVbmjWPmuBCZrU6bSkMC0thj0MWY44L%2BIOAAhZMlP%2FK8VUjC11BE1zxPTRIckINDIz42dH6RN9rsdTylO%2BvwJol34uw%2FpkmlmxZzh8D6FRIROZcE1HfMu2YuJ5pa4HyNl7lFSjSSiqD6JTrpnr7IEhDudmPg6tPJeLaP%2BXqtrIdqGgY3UMBPIaGKGTxiJhtqIz%2BAqZHVfiW31WHfdb6t9IZPM2aVG%2BhCrU%2Bmh%2FatNTMhecsaQ%3D%3D","environmentVariables":{"FIREBASE_CONFIG":"{\"projectId\":\"instagreen-1\",\"databaseURL\":\"https://instagreen-1-default-rtdb.firebaseio.com\",\"storageBucket\":\"instagreen-1.appspot.com\",\"locationId\":\"us-central\"}"},"runtime":"nodejs14"},"versionId":"1","updateTime":"2021-06-22T10:13:13Z"}}
[debug] [2021-06-22T10:13:15.370Z] [create-projects/instagreen-1/locations/us-central1/functions/uploadImage] Retrying task index 0
[debug] [2021-06-22T10:13:15.370Z] >>> [apiv2][query] GET https://cloudfunctions.googleapis.com/v1/operations/aW5zdGFncmVlbi0xL3VzLWNlbnRyYWwxL3VwbG9hZEltYWdlLzBibjY0a2ptUkNZ [none]
[debug] [2021-06-22T10:13:16.249Z] <<< [apiv2][status] GET https://cloudfunctions.googleapis.com/v1/operations/aW5zdGFncmVlbi0xL3VzLWNlbnRyYWwxL3VwbG9hZEltYWdlLzBibjY0a2ptUkNZ 200
[debug] [2021-06-22T10:13:16.249Z] <<< [apiv2][body] GET https://cloudfunctions.googleapis.com/v1/operations/aW5zdGFncmVlbi0xL3VzLWNlbnRyYWwxL3VwbG9hZEltYWdlLzBibjY0a2ptUkNZ {"name":"operations/aW5zdGFncmVlbi0xL3VzLWNlbnRyYWwxL3VwbG9hZEltYWdlLzBibjY0a2ptUkNZ","metadata":{"@type":"type.googleapis.com/google.cloud.functions.v1.OperationMetadataV1","target":"projects/instagreen-1/locations/us-central1/functions/uploadImage","type":"CREATE_FUNCTION","request":{"@type":"type.googleapis.com/google.cloud.functions.v1.CloudFunction","name":"projects/instagreen-1/locations/us-central1/functions/uploadImage","httpsTrigger":{"securityLevel":"SECURE_OPTIONAL"},"entryPoint":"uploadImage","labels":{"deployment-tool":"cli-firebase"},"sourceUploadUrl":"https://storage.googleapis.com/gcf-upload-us-central1-4a0c2d13-15b5-4c30-b32a-24cf566acfbc/42f1c53a-70b7-4c71-ac99-064003122735.zip?GoogleAccessId=service-986317733134@gcf-admin-robot.iam.gserviceaccount.com&Expires=1624358587&Signature=KCC73AbxecZlBVpAQNNtk6knJ66BfVJgx0J1%2FtsFkGySm8NSH%2BlRzJtjPBc9A%2Bdcia3WPuGxVN5NPJG3xEYxZDS5VT9%2Fs5oe3iC2%2FxVbmjWPmuBCZrU6bSkMC0thj0MWY44L%2BIOAAhZMlP%2FK8VUjC11BE1zxPTRIckINDIz42dH6RN9rsdTylO%2BvwJol34uw%2FpkmlmxZzh8D6FRIROZcE1HfMu2YuJ5pa4HyNl7lFSjSSiqD6JTrpnr7IEhDudmPg6tPJeLaP%2BXqtrIdqGgY3UMBPIaGKGTxiJhtqIz%2BAqZHVfiW31WHfdb6t9IZPM2aVG%2BhCrU%2Bmh%2FatNTMhecsaQ%3D%3D","environmentVariables":{"FIREBASE_CONFIG":"{\"projectId\":\"instagreen-1\",\"databaseURL\":\"https://instagreen-1-default-rtdb.firebaseio.com\",\"storageBucket\":\"instagreen-1.appspot.com\",\"locationId\":\"us-central\"}"},"runtime":"nodejs14"},"versionId":"1","updateTime":"2021-06-22T10:13:13Z","buildId":"613b5181-6415-45c8-a66d-292a38534e10","buildName":"projects/986317733134/locations/us-central1/builds/613b5181-6415-45c8-a66d-292a38534e10"}}
[debug] [2021-06-22T10:13:17.250Z] [create-projects/instagreen-1/locations/us-central1/functions/uploadImage] Retrying task index 0
[debug] [2021-06-22T10:13:17.250Z] >>> [apiv2][query] GET https://cloudfunctions.googleapis.com/v1/operations/aW5zdGFncmVlbi0xL3VzLWNlbnRyYWwxL3VwbG9hZEltYWdlLzBibjY0a2ptUkNZ [none]
[debug] [2021-06-22T10:13:18.139Z] <<< [apiv2][status] GET https://cloudfunctions.googleapis.com/v1/operations/aW5zdGFncmVlbi0xL3VzLWNlbnRyYWwxL3VwbG9hZEltYWdlLzBibjY0a2ptUkNZ 200
[debug] [2021-06-22T10:13:18.139Z] <<< [apiv2][body] GET https://cloudfunctions.googleapis.com/v1/operations/aW5zdGFncmVlbi0xL3VzLWNlbnRyYWwxL3VwbG9hZEltYWdlLzBibjY0a2ptUkNZ {"name":"operations/aW5zdGFncmVlbi0xL3VzLWNlbnRyYWwxL3VwbG9hZEltYWdlLzBibjY0a2ptUkNZ","metadata":{"@type":"type.googleapis.com/google.cloud.functions.v1.OperationMetadataV1","target":"projects/instagreen-1/locations/us-central1/functions/uploadImage","type":"CREATE_FUNCTION","request":{"@type":"type.googleapis.com/google.cloud.functions.v1.CloudFunction","name":"projects/instagreen-1/locations/us-central1/functions/uploadImage","httpsTrigger":{"securityLevel":"SECURE_OPTIONAL"},"entryPoint":"uploadImage","labels":{"deployment-tool":"cli-firebase"},"sourceUploadUrl":"https://storage.googleapis.com/gcf-upload-us-central1-4a0c2d13-15b5-4c30-b32a-24cf566acfbc/42f1c53a-70b7-4c71-ac99-064003122735.zip?GoogleAccessId=service-986317733134@gcf-admin-robot.iam.gserviceaccount.com&Expires=1624358587&Signature=KCC73AbxecZlBVpAQNNtk6knJ66BfVJgx0J1%2FtsFkGySm8NSH%2BlRzJtjPBc9A%2Bdcia3WPuGxVN5NPJG3xEYxZDS5VT9%2Fs5oe3iC2%2FxVbmjWPmuBCZrU6bSkMC0thj0MWY44L%2BIOAAhZMlP%2FK8VUjC11BE1zxPTRIckINDIz42dH6RN9rsdTylO%2BvwJol34uw%2FpkmlmxZzh8D6FRIROZcE1HfMu2YuJ5pa4HyNl7lFSjSSiqD6JTrpnr7IEhDudmPg6tPJeLaP%2BXqtrIdqGgY3UMBPIaGKGTxiJhtqIz%2BAqZHVfiW31WHfdb6t9IZPM2aVG%2BhCrU%2Bmh%2FatNTMhecsaQ%3D%3D","environmentVariables":{"FIREBASE_CONFIG":"{\"projectId\":\"instagreen-1\",\"databaseURL\":\"https://instagreen-1-default-rtdb.firebaseio.com\",\"storageBucket\":\"instagreen-1.appspot.com\",\"locationId\":\"us-central\"}"},"runtime":"nodejs14"},"versionId":"1","updateTime":"2021-06-22T10:13:13Z","buildId":"613b5181-6415-45c8-a66d-292a38534e10","buildName":"projects/986317733134/locations/us-central1/builds/613b5181-6415-45c8-a66d-292a38534e10"}}
[debug] [2021-06-22T10:13:20.139Z] [create-projects/instagreen-1/locations/us-central1/functions/uploadImage] Retrying task index 0
[debug] [2021-06-22T10:13:20.139Z] >>> [apiv2][query] GET https://cloudfunctions.googleapis.com/v1/operations/aW5zdGFncmVlbi0xL3VzLWNlbnRyYWwxL3VwbG9hZEltYWdlLzBibjY0a2ptUkNZ [none]
[debug] [2021-06-22T10:13:22.141Z] <<< [apiv2][status] GET https://cloudfunctions.googleapis.com/v1/operations/aW5zdGFncmVlbi0xL3VzLWNlbnRyYWwxL3VwbG9hZEltYWdlLzBibjY0a2ptUkNZ 200
[debug] [2021-06-22T10:13:22.141Z] <<< [apiv2][body] GET https://cloudfunctions.googleapis.com/v1/operations/aW5zdGFncmVlbi0xL3VzLWNlbnRyYWwxL3VwbG9hZEltYWdlLzBibjY0a2ptUkNZ {"name":"operations/aW5zdGFncmVlbi0xL3VzLWNlbnRyYWwxL3VwbG9hZEltYWdlLzBibjY0a2ptUkNZ","metadata":{"@type":"type.googleapis.com/google.cloud.functions.v1.OperationMetadataV1","target":"projects/instagreen-1/locations/us-central1/functions/uploadImage","type":"CREATE_FUNCTION","request":{"@type":"type.googleapis.com/google.cloud.functions.v1.CloudFunction","name":"projects/instagreen-1/locations/us-central1/functions/uploadImage","httpsTrigger":{"securityLevel":"SECURE_OPTIONAL"},"entryPoint":"uploadImage","labels":{"deployment-tool":"cli-firebase"},"sourceUploadUrl":"https://storage.googleapis.com/gcf-upload-us-central1-4a0c2d13-15b5-4c30-b32a-24cf566acfbc/42f1c53a-70b7-4c71-ac99-064003122735.zip?GoogleAccessId=service-986317733134@gcf-admin-robot.iam.gserviceaccount.com&Expires=1624358587&Signature=KCC73AbxecZlBVpAQNNtk6knJ66BfVJgx0J1%2FtsFkGySm8NSH%2BlRzJtjPBc9A%2Bdcia3WPuGxVN5NPJG3xEYxZDS5VT9%2Fs5oe3iC2%2FxVbmjWPmuBCZrU6bSkMC0thj0MWY44L%2BIOAAhZMlP%2FK8VUjC11BE1zxPTRIckINDIz42dH6RN9rsdTylO%2BvwJol34uw%2FpkmlmxZzh8D6FRIROZcE1HfMu2YuJ5pa4HyNl7lFSjSSiqD6JTrpnr7IEhDudmPg6tPJeLaP%2BXqtrIdqGgY3UMBPIaGKGTxiJhtqIz%2BAqZHVfiW31WHfdb6t9IZPM2aVG%2BhCrU%2Bmh%2FatNTMhecsaQ%3D%3D","environmentVariables":{"FIREBASE_CONFIG":"{\"projectId\":\"instagreen-1\",\"databaseURL\":\"https://instagreen-1-default-rtdb.firebaseio.com\",\"storageBucket\":\"instagreen-1.appspot.com\",\"locationId\":\"us-central\"}"},"runtime":"nodejs14"},"versionId":"1","updateTime":"2021-06-22T10:13:13Z","buildId":"613b5181-6415-45c8-a66d-292a38534e10","buildName":"projects/986317733134/locations/us-central1/builds/613b5181-6415-45c8-a66d-292a38534e10"}}
[debug] [2021-06-22T10:13:26.145Z] [create-projects/instagreen-1/locations/us-central1/functions/uploadImage] Retrying task index 0
[debug] [2021-06-22T10:13:26.146Z] >>> [apiv2][query] GET https://cloudfunctions.googleapis.com/v1/operations/aW5zdGFncmVlbi0xL3VzLWNlbnRyYWwxL3VwbG9hZEltYWdlLzBibjY0a2ptUkNZ [none]
[debug] [2021-06-22T10:13:27.137Z] <<< [apiv2][status] GET https://cloudfunctions.googleapis.com/v1/operations/aW5zdGFncmVlbi0xL3VzLWNlbnRyYWwxL3VwbG9hZEltYWdlLzBibjY0a2ptUkNZ 200
[debug] [2021-06-22T10:13:27.137Z] <<< [apiv2][body] GET https://cloudfunctions.googleapis.com/v1/operations/aW5zdGFncmVlbi0xL3VzLWNlbnRyYWwxL3VwbG9hZEltYWdlLzBibjY0a2ptUkNZ {"name":"operations/aW5zdGFncmVlbi0xL3VzLWNlbnRyYWwxL3VwbG9hZEltYWdlLzBibjY0a2ptUkNZ","metadata":{"@type":"type.googleapis.com/google.cloud.functions.v1.OperationMetadataV1","target":"projects/instagreen-1/locations/us-central1/functions/uploadImage","type":"CREATE_FUNCTION","request":{"@type":"type.googleapis.com/google.cloud.functions.v1.CloudFunction","name":"projects/instagreen-1/locations/us-central1/functions/uploadImage","httpsTrigger":{"securityLevel":"SECURE_OPTIONAL"},"entryPoint":"uploadImage","labels":{"deployment-tool":"cli-firebase"},"sourceUploadUrl":"https://storage.googleapis.com/gcf-upload-us-central1-4a0c2d13-15b5-4c30-b32a-24cf566acfbc/42f1c53a-70b7-4c71-ac99-064003122735.zip?GoogleAccessId=service-986317733134@gcf-admin-robot.iam.gserviceaccount.com&Expires=1624358587&Signature=KCC73AbxecZlBVpAQNNtk6knJ66BfVJgx0J1%2FtsFkGySm8NSH%2BlRzJtjPBc9A%2Bdcia3WPuGxVN5NPJG3xEYxZDS5VT9%2Fs5oe3iC2%2FxVbmjWPmuBCZrU6bSkMC0thj0MWY44L%2BIOAAhZMlP%2FK8VUjC11BE1zxPTRIckINDIz42dH6RN9rsdTylO%2BvwJol34uw%2FpkmlmxZzh8D6FRIROZcE1HfMu2YuJ5pa4HyNl7lFSjSSiqD6JTrpnr7IEhDudmPg6tPJeLaP%2BXqtrIdqGgY3UMBPIaGKGTxiJhtqIz%2BAqZHVfiW31WHfdb6t9IZPM2aVG%2BhCrU%2Bmh%2FatNTMhecsaQ%3D%3D","environmentVariables":{"FIREBASE_CONFIG":"{\"projectId\":\"instagreen-1\",\"databaseURL\":\"https://instagreen-1-default-rtdb.firebaseio.com\",\"storageBucket\":\"instagreen-1.appspot.com\",\"locationId\":\"us-central\"}"},"runtime":"nodejs14"},"versionId":"1","updateTime":"2021-06-22T10:13:13Z","buildId":"613b5181-6415-45c8-a66d-292a38534e10","buildName":"projects/986317733134/locations/us-central1/builds/613b5181-6415-45c8-a66d-292a38534e10"}}
[debug] [2021-06-22T10:13:35.139Z] [create-projects/instagreen-1/locations/us-central1/functions/uploadImage] Retrying task index 0
[debug] [2021-06-22T10:13:35.140Z] >>> [apiv2][query] GET https://cloudfunctions.googleapis.com/v1/operations/aW5zdGFncmVlbi0xL3VzLWNlbnRyYWwxL3VwbG9hZEltYWdlLzBibjY0a2ptUkNZ [none]
[debug] [2021-06-22T10:13:35.929Z] <<< [apiv2][status] GET https://cloudfunctions.googleapis.com/v1/operations/aW5zdGFncmVlbi0xL3VzLWNlbnRyYWwxL3VwbG9hZEltYWdlLzBibjY0a2ptUkNZ 200
[debug] [2021-06-22T10:13:35.929Z] <<< [apiv2][body] GET https://cloudfunctions.googleapis.com/v1/operations/aW5zdGFncmVlbi0xL3VzLWNlbnRyYWwxL3VwbG9hZEltYWdlLzBibjY0a2ptUkNZ {"name":"operations/aW5zdGFncmVlbi0xL3VzLWNlbnRyYWwxL3VwbG9hZEltYWdlLzBibjY0a2ptUkNZ","metadata":{"@type":"type.googleapis.com/google.cloud.functions.v1.OperationMetadataV1","target":"projects/instagreen-1/locations/us-central1/functions/uploadImage","type":"CREATE_FUNCTION","request":{"@type":"type.googleapis.com/google.cloud.functions.v1.CloudFunction","name":"projects/instagreen-1/locations/us-central1/functions/uploadImage","httpsTrigger":{"securityLevel":"SECURE_OPTIONAL"},"entryPoint":"uploadImage","labels":{"deployment-tool":"cli-firebase"},"sourceUploadUrl":"https://storage.googleapis.com/gcf-upload-us-central1-4a0c2d13-15b5-4c30-b32a-24cf566acfbc/42f1c53a-70b7-4c71-ac99-064003122735.zip?GoogleAccessId=service-986317733134@gcf-admin-robot.iam.gserviceaccount.com&Expires=1624358587&Signature=KCC73AbxecZlBVpAQNNtk6knJ66BfVJgx0J1%2FtsFkGySm8NSH%2BlRzJtjPBc9A%2Bdcia3WPuGxVN5NPJG3xEYxZDS5VT9%2Fs5oe3iC2%2FxVbmjWPmuBCZrU6bSkMC0thj0MWY44L%2BIOAAhZMlP%2FK8VUjC11BE1zxPTRIckINDIz42dH6RN9rsdTylO%2BvwJol34uw%2FpkmlmxZzh8D6FRIROZcE1HfMu2YuJ5pa4HyNl7lFSjSSiqD6JTrpnr7IEhDudmPg6tPJeLaP%2BXqtrIdqGgY3UMBPIaGKGTxiJhtqIz%2BAqZHVfiW31WHfdb6t9IZPM2aVG%2BhCrU%2Bmh%2FatNTMhecsaQ%3D%3D","environmentVariables":{"FIREBASE_CONFIG":"{\"projectId\":\"instagreen-1\",\"databaseURL\":\"https://instagreen-1-default-rtdb.firebaseio.com\",\"storageBucket\":\"instagreen-1.appspot.com\",\"locationId\":\"us-central\"}"},"runtime":"nodejs14"},"versionId":"1","updateTime":"2021-06-22T10:13:13Z","buildId":"613b5181-6415-45c8-a66d-292a38534e10","buildName":"projects/986317733134/locations/us-central1/builds/613b5181-6415-45c8-a66d-292a38534e10"}}
[debug] [2021-06-22T10:13:51.933Z] [create-projects/instagreen-1/locations/us-central1/functions/uploadImage] Retrying task index 0
[debug] [2021-06-22T10:13:51.933Z] >>> [apiv2][query] GET https://cloudfunctions.googleapis.com/v1/operations/aW5zdGFncmVlbi0xL3VzLWNlbnRyYWwxL3VwbG9hZEltYWdlLzBibjY0a2ptUkNZ [none]
[debug] [2021-06-22T10:13:52.673Z] <<< [apiv2][status] GET https://cloudfunctions.googleapis.com/v1/operations/aW5zdGFncmVlbi0xL3VzLWNlbnRyYWwxL3VwbG9hZEltYWdlLzBibjY0a2ptUkNZ 200
[debug] [2021-06-22T10:13:52.673Z] <<< [apiv2][body] GET https://cloudfunctions.googleapis.com/v1/operations/aW5zdGFncmVlbi0xL3VzLWNlbnRyYWwxL3VwbG9hZEltYWdlLzBibjY0a2ptUkNZ {"name":"operations/aW5zdGFncmVlbi0xL3VzLWNlbnRyYWwxL3VwbG9hZEltYWdlLzBibjY0a2ptUkNZ","metadata":{"@type":"type.googleapis.com/google.cloud.functions.v1.OperationMetadataV1","target":"projects/instagreen-1/locations/us-central1/functions/uploadImage","type":"CREATE_FUNCTION","request":{"@type":"type.googleapis.com/google.cloud.functions.v1.CloudFunction","name":"projects/instagreen-1/locations/us-central1/functions/uploadImage","httpsTrigger":{"securityLevel":"SECURE_OPTIONAL"},"entryPoint":"uploadImage","labels":{"deployment-tool":"cli-firebase"},"sourceUploadUrl":"https://storage.googleapis.com/gcf-upload-us-central1-4a0c2d13-15b5-4c30-b32a-24cf566acfbc/42f1c53a-70b7-4c71-ac99-064003122735.zip?GoogleAccessId=service-986317733134@gcf-admin-robot.iam.gserviceaccount.com&Expires=1624358587&Signature=KCC73AbxecZlBVpAQNNtk6knJ66BfVJgx0J1%2FtsFkGySm8NSH%2BlRzJtjPBc9A%2Bdcia3WPuGxVN5NPJG3xEYxZDS5VT9%2Fs5oe3iC2%2FxVbmjWPmuBCZrU6bSkMC0thj0MWY44L%2BIOAAhZMlP%2FK8VUjC11BE1zxPTRIckINDIz42dH6RN9rsdTylO%2BvwJol34uw%2FpkmlmxZzh8D6FRIROZcE1HfMu2YuJ5pa4HyNl7lFSjSSiqD6JTrpnr7IEhDudmPg6tPJeLaP%2BXqtrIdqGgY3UMBPIaGKGTxiJhtqIz%2BAqZHVfiW31WHfdb6t9IZPM2aVG%2BhCrU%2Bmh%2FatNTMhecsaQ%3D%3D","environmentVariables":{"FIREBASE_CONFIG":"{\"projectId\":\"instagreen-1\",\"databaseURL\":\"https://instagreen-1-default-rtdb.firebaseio.com\",\"storageBucket\":\"instagreen-1.appspot.com\",\"locationId\":\"us-central\"}"},"runtime":"nodejs14"},"versionId":"1","updateTime":"2021-06-22T10:13:13Z","buildId":"613b5181-6415-45c8-a66d-292a38534e10","buildName":"projects/986317733134/locations/us-central1/builds/613b5181-6415-45c8-a66d-292a38534e10"}}
